<?xml version="1.0" encoding="UTF-8"?>
<!-- Generated by org.testng.reporters.JUnitXMLReporter -->
<testsuite ignored="9" hostname="IBM-31L8QM3" failures="0" tests="1" name="Default test" time="0.089" errors="0" timestamp="06 Apr 2023 08:07:18 GMT">
  <testcase classname="IbmRestAssured.RestAssuredProject.RestAPITesting" name="Jsonbody1" time="0.069"/>
  <testcase classname="IbmRestAssured.RestAssuredProject.RestAPITesting" name="secondtestcase" time="0.0">
    <ignored/>
  </testcase> <!-- secondtestcase -->
  <testcase classname="IbmRestAssured.RestAssuredProject.RestAPITesting" name="Jsonbody" time="0.0">
    <ignored/>
  </testcase> <!-- Jsonbody -->
  <testcase classname="IbmRestAssured.RestAssuredProject.RestAPITesting" name="getmethod1" time="0.0">
    <ignored/>
  </testcase> <!-- getmethod1 -->
  <testcase classname="IbmRestAssured.RestAssuredProject.RestAPITesting" name="firsttestcase" time="0.0">
    <ignored/>
  </testcase> <!-- firsttestcase -->
  <testcase classname="IbmRestAssured.RestAssuredProject.RestAPITesting" name="deletemethod" time="0.0">
    <ignored/>
  </testcase> <!-- deletemethod -->
  <testcase classname="IbmRestAssured.RestAssuredProject.RestAPITesting" name="putmethod" time="0.0">
    <ignored/>
  </testcase> <!-- putmethod -->
  <testcase classname="IbmRestAssured.RestAssuredProject.RestAPITesting" name="postmethod" time="0.0">
    <ignored/>
  </testcase> <!-- postmethod -->
  <testcase classname="IbmRestAssured.RestAssuredProject.RestAPITesting" name="patchmethod" time="0.0">
    <ignored/>
  </testcase> <!-- patchmethod -->
  <testcase classname="IbmRestAssured.RestAssuredProject.RestAPITesting" name="getmethod" time="0.0">
    <ignored/>
  </testcase> <!-- getmethod -->
</testsuite> <!-- Default test -->
