<?xml version="1.0" encoding="UTF-8"?>
<testng-results ignored="9" total="10" passed="1" failed="0" skipped="0">
  <reporter-output>
  </reporter-output>
  <suite started-at="2023-04-06T08:07:18Z" name="Default suite" finished-at="2023-04-06T08:07:18Z" duration-ms="89">
    <groups>
    </groups>
    <test started-at="2023-04-06T08:07:18Z" name="Default test" finished-at="2023-04-06T08:07:18Z" duration-ms="89">
      <class name="IbmRestAssured.RestAssuredProject.RestAPITesting">
        <test-method signature="Jsonbody1()[pri:0, instance:IbmRestAssured.RestAssuredProject.RestAPITesting@48793bef]" started-at="2023-04-06T08:07:18Z" name="Jsonbody1" finished-at="2023-04-06T08:07:18Z" duration-ms="69" status="PASS">
          <reporter-output>
          </reporter-output>
        </test-method> <!-- Jsonbody1 -->
      </class> <!-- IbmRestAssured.RestAssuredProject.RestAPITesting -->
    </test> <!-- Default test -->
  </suite> <!-- Default suite -->
</testng-results>
